<?xml version="1.0" encoding="UTF-8"?>
<!-- Generated by org.testng.reporters.JUnitReportReporter -->
<testsuite skipped="0" hostname="OBA-PC" name="seleniumTest.k" tests="2" failures="0" timestamp="2019-10-04T12:38:12 CST" time="0.011" errors="0">
  <testcase name="println" time="0.001" classname="seleniumTest.k"/>
  <testcase name="printkn" time="0.010" classname="seleniumTest.k"/>
</testsuite> <!-- seleniumTest.k -->
