<?xml version="1.0" encoding="UTF-8"?>
<!-- Generated by org.testng.reporters.JUnitReportReporter -->
<testsuite skipped="0" hostname="OBA-PC" name="seleniumTest.TestNgLogin" tests="1" failures="0" timestamp="2019-10-05T10:21:31 CST" time="25.896" errors="0">
  <testcase name="loginAndEdiPosition" time="25.896" classname="seleniumTest.TestNgLogin"/>
</testsuite> <!-- seleniumTest.TestNgLogin -->
